<?xml version="1.0" encoding="UTF-8"?>
<coverage generated="1779816123959" clover="3.2.0">
  <project timestamp="1779816123959" name="All files">
    <metrics statements="5" coveredstatements="0" conditionals="0" coveredconditionals="0" methods="1" coveredmethods="0" elements="6" coveredelements="0" complexity="0" loc="5" ncloc="5" packages="1" files="1" classes="1"/>
    <file name="duplicate.js" path="/home/vanessa/Documentos/arquitetura vanessa/sonar-js-vanessa-teste/sonar-js-vanessa-estudo/src/duplicate.js">
      <metrics statements="5" coveredstatements="0" conditionals="0" coveredconditionals="0" methods="1" coveredmethods="0"/>
      <line num="2" count="0" type="stmt"/>
      <line num="3" count="0" type="stmt"/>
      <line num="4" count="0" type="stmt"/>
      <line num="5" count="0" type="stmt"/>
      <line num="7" count="0" type="stmt"/>
    </file>
  </project>
</coverage>
