{"/home/vanessa/Documentos/arquitetura vanessa/sonar-js-vanessa-teste/sonar-js-vanessa-estudo/src/app.js": {"path":"/home/vanessa/Documentos/arquitetura vanessa/sonar-js-vanessa-teste/sonar-js-vanessa-estudo/src/app.js","statementMap":{"0":{"start":{"line":3,"column":2},"end":{"line":3,"column":41}},"1":{"start":{"line":8,"column":2},"end":{"line":10,"column":3}},"2":{"start":{"line":9,"column":4},"end":{"line":9,"column":19}},"3":{"start":{"line":11,"column":2},"end":{"line":11,"column":19}},"4":{"start":{"line":16,"column":2},"end":{"line":16,"column":25}},"5":{"start":{"line":21,"column":2},"end":{"line":21,"column":53}},"6":{"start":{"line":26,"column":27},"end":{"line":26,"column":40}},"7":{"start":{"line":27,"column":2},"end":{"line":27,"column":19}},"8":{"start":{"line":32,"column":2},"end":{"line":32,"column":20}},"9":{"start":{"line":37,"column":15},"end":{"line":37,"column":48}},"10":{"start":{"line":38,"column":16},"end":{"line":38,"column":50}},"11":{"start":{"line":39,"column":19},"end":{"line":39,"column":42}},"12":{"start":{"line":40,"column":17},"end":{"line":40,"column":52}},"13":{"start":{"line":42,"column":2},"end":{"line":42,"column":56}},"14":{"start":{"line":46,"column":15},"end":{"line":46,"column":48}},"15":{"start":{"line":47,"column":16},"end":{"line":47,"column":50}},"16":{"start":{"line":48,"column":19},"end":{"line":48,"column":42}},"17":{"start":{"line":49,"column":17},"end":{"line":49,"column":52}},"18":{"start":{"line":51,"column":2},"end":{"line":51,"column":56}},"19":{"start":{"line":55,"column":15},"end":{"line":55,"column":48}},"20":{"start":{"line":56,"column":16},"end":{"line":56,"column":50}},"21":{"start":{"line":57,"column":19},"end":{"line":57,"column":42}},"22":{"start":{"line":58,"column":17},"end":{"line":58,"column":52}},"23":{"start":{"line":60,"column":2},"end":{"line":60,"column":56}},"24":{"start":{"line":64,"column":15},"end":{"line":64,"column":48}},"25":{"start":{"line":65,"column":16},"end":{"line":65,"column":50}},"26":{"start":{"line":66,"column":19},"end":{"line":66,"column":42}},"27":{"start":{"line":67,"column":17},"end":{"line":67,"column":52}},"28":{"start":{"line":69,"column":2},"end":{"line":69,"column":56}},"29":{"start":{"line":73,"column":15},"end":{"line":73,"column":48}},"30":{"start":{"line":74,"column":16},"end":{"line":74,"column":50}},"31":{"start":{"line":75,"column":19},"end":{"line":75,"column":42}},"32":{"start":{"line":76,"column":17},"end":{"line":76,"column":52}},"33":{"start":{"line":78,"column":2},"end":{"line":78,"column":56}},"34":{"start":{"line":82,"column":15},"end":{"line":82,"column":48}},"35":{"start":{"line":83,"column":16},"end":{"line":83,"column":50}},"36":{"start":{"line":84,"column":19},"end":{"line":84,"column":42}},"37":{"start":{"line":85,"column":17},"end":{"line":85,"column":52}},"38":{"start":{"line":87,"column":2},"end":{"line":87,"column":56}},"39":{"start":{"line":91,"column":15},"end":{"line":91,"column":48}},"40":{"start":{"line":92,"column":16},"end":{"line":92,"column":50}},"41":{"start":{"line":93,"column":19},"end":{"line":93,"column":42}},"42":{"start":{"line":94,"column":17},"end":{"line":94,"column":52}},"43":{"start":{"line":96,"column":2},"end":{"line":96,"column":56}},"44":{"start":{"line":101,"column":2},"end":{"line":106,"column":3}},"45":{"start":{"line":102,"column":4},"end":{"line":104,"column":5}},"46":{"start":{"line":103,"column":6},"end":{"line":103,"column":29}},"47":{"start":{"line":105,"column":4},"end":{"line":105,"column":29}},"48":{"start":{"line":108,"column":2},"end":{"line":113,"column":3}},"49":{"start":{"line":109,"column":4},"end":{"line":111,"column":5}},"50":{"start":{"line":110,"column":6},"end":{"line":110,"column":29}},"51":{"start":{"line":112,"column":4},"end":{"line":112,"column":29}},"52":{"start":{"line":115,"column":2},"end":{"line":117,"column":3}},"53":{"start":{"line":116,"column":4},"end":{"line":116,"column":34}},"54":{"start":{"line":119,"column":2},"end":{"line":119,"column":11}},"55":{"start":{"line":124,"column":2},"end":{"line":141,"column":3}},"56":{"start":{"line":125,"column":4},"end":{"line":140,"column":5}},"57":{"start":{"line":126,"column":6},"end":{"line":139,"column":7}},"58":{"start":{"line":127,"column":8},"end":{"line":138,"column":9}},"59":{"start":{"line":128,"column":10},"end":{"line":137,"column":11}},"60":{"start":{"line":129,"column":12},"end":{"line":136,"column":13}},"61":{"start":{"line":130,"column":14},"end":{"line":135,"column":15}},"62":{"start":{"line":131,"column":16},"end":{"line":133,"column":17}},"63":{"start":{"line":132,"column":18},"end":{"line":132,"column":70}},"64":{"start":{"line":134,"column":16},"end":{"line":134,"column":52}},"65":{"start":{"line":143,"column":2},"end":{"line":143,"column":11}},"66":{"start":{"line":148,"column":2},"end":{"line":148,"column":15}},"67":{"start":{"line":153,"column":19},"end":{"line":153,"column":27}},"68":{"start":{"line":154,"column":2},"end":{"line":154,"column":18}},"69":{"start":{"line":159,"column":2},"end":{"line":161,"column":3}},"70":{"start":{"line":160,"column":4},"end":{"line":160,"column":23}},"71":{"start":{"line":162,"column":2},"end":{"line":162,"column":15}},"72":{"start":{"line":169,"column":4},"end":{"line":169,"column":62}},"73":{"start":{"line":171,"column":2},"end":{"line":171,"column":27}}},"fnMap":{"0":{"name":"vanessaTesteBug","decl":{"start":{"line":2,"column":16},"end":{"line":2,"column":31}},"loc":{"start":{"line":2,"column":38},"end":{"line":4,"column":1}},"line":2},"1":{"name":"vanessaTesteAtribuicao","decl":{"start":{"line":7,"column":16},"end":{"line":7,"column":38}},"loc":{"start":{"line":7,"column":53},"end":{"line":12,"column":1}},"line":7},"2":{"name":"vanessaTesteVulnerabilidade","decl":{"start":{"line":15,"column":16},"end":{"line":15,"column":43}},"loc":{"start":{"line":15,"column":55},"end":{"line":17,"column":1}},"line":15},"3":{"name":"vanessaTesteHotspot","decl":{"start":{"line":20,"column":16},"end":{"line":20,"column":35}},"loc":{"start":{"line":20,"column":42},"end":{"line":22,"column":1}},"line":20},"4":{"name":"vanessaTesteCodeSmell","decl":{"start":{"line":25,"column":16},"end":{"line":25,"column":37}},"loc":{"start":{"line":25,"column":45},"end":{"line":28,"column":1}},"line":25},"5":{"name":"vanessaTesteDividaTecnica","decl":{"start":{"line":31,"column":16},"end":{"line":31,"column":41}},"loc":{"start":{"line":31,"column":49},"end":{"line":33,"column":1}},"line":31},"6":{"name":"vanessaTesteDuplicacaoA","decl":{"start":{"line":36,"column":16},"end":{"line":36,"column":39}},"loc":{"start":{"line":36,"column":49},"end":{"line":43,"column":1}},"line":36},"7":{"name":"vanessaTesteDuplicacaoB","decl":{"start":{"line":45,"column":16},"end":{"line":45,"column":39}},"loc":{"start":{"line":45,"column":49},"end":{"line":52,"column":1}},"line":45},"8":{"name":"vanessaTesteDuplicacaoc","decl":{"start":{"line":54,"column":16},"end":{"line":54,"column":39}},"loc":{"start":{"line":54,"column":49},"end":{"line":61,"column":1}},"line":54},"9":{"name":"vanessaTesteDuplicacaoD","decl":{"start":{"line":63,"column":16},"end":{"line":63,"column":39}},"loc":{"start":{"line":63,"column":49},"end":{"line":70,"column":1}},"line":63},"10":{"name":"vanessaTesteDuplicacaoE","decl":{"start":{"line":72,"column":16},"end":{"line":72,"column":39}},"loc":{"start":{"line":72,"column":49},"end":{"line":79,"column":1}},"line":72},"11":{"name":"vanessaTesteDuplicacaoF","decl":{"start":{"line":81,"column":16},"end":{"line":81,"column":39}},"loc":{"start":{"line":81,"column":49},"end":{"line":88,"column":1}},"line":81},"12":{"name":"vanessaTesteDuplicacaoG","decl":{"start":{"line":90,"column":16},"end":{"line":90,"column":39}},"loc":{"start":{"line":90,"column":49},"end":{"line":97,"column":1}},"line":90},"13":{"name":"vanessaTesteComplexidadeCiclomatica","decl":{"start":{"line":100,"column":16},"end":{"line":100,"column":51}},"loc":{"start":{"line":100,"column":81},"end":{"line":120,"column":1}},"line":100},"14":{"name":"vanessaTesteComplexidadeCognitiva","decl":{"start":{"line":123,"column":16},"end":{"line":123,"column":49}},"loc":{"start":{"line":123,"column":58},"end":{"line":144,"column":1}},"line":123},"15":{"name":"vanessaTesteSemCobertura","decl":{"start":{"line":147,"column":16},"end":{"line":147,"column":40}},"loc":{"start":{"line":147,"column":47},"end":{"line":149,"column":1}},"line":147},"16":{"name":"vanessaTesteSeveridade","decl":{"start":{"line":152,"column":16},"end":{"line":152,"column":38}},"loc":{"start":{"line":152,"column":41},"end":{"line":155,"column":1}},"line":152},"17":{"name":"vanessaTesteNovoCodigo","decl":{"start":{"line":158,"column":16},"end":{"line":158,"column":38}},"loc":{"start":{"line":158,"column":46},"end":{"line":163,"column":1}},"line":158},"18":{"name":"vanessaHotspotRegexEmail","decl":{"start":{"line":167,"column":16},"end":{"line":167,"column":40}},"loc":{"start":{"line":167,"column":48},"end":{"line":172,"column":1}},"line":167}},"branchMap":{"0":{"loc":{"start":{"line":8,"column":2},"end":{"line":10,"column":3}},"type":"if","locations":[{"start":{"line":8,"column":2},"end":{"line":10,"column":3}},{"start":{},"end":{}}],"line":8},"1":{"loc":{"start":{"line":101,"column":2},"end":{"line":106,"column":3}},"type":"if","locations":[{"start":{"line":101,"column":2},"end":{"line":106,"column":3}},{"start":{},"end":{}}],"line":101},"2":{"loc":{"start":{"line":102,"column":4},"end":{"line":104,"column":5}},"type":"if","locations":[{"start":{"line":102,"column":4},"end":{"line":104,"column":5}},{"start":{},"end":{}}],"line":102},"3":{"loc":{"start":{"line":103,"column":13},"end":{"line":103,"column":28}},"type":"cond-expr","locations":[{"start":{"line":103,"column":21},"end":{"line":103,"column":23}},{"start":{"line":103,"column":26},"end":{"line":103,"column":28}}],"line":103},"4":{"loc":{"start":{"line":105,"column":11},"end":{"line":105,"column":28}},"type":"cond-expr","locations":[{"start":{"line":105,"column":21},"end":{"line":105,"column":23}},{"start":{"line":105,"column":26},"end":{"line":105,"column":28}}],"line":105},"5":{"loc":{"start":{"line":108,"column":2},"end":{"line":113,"column":3}},"type":"if","locations":[{"start":{"line":108,"column":2},"end":{"line":113,"column":3}},{"start":{},"end":{}}],"line":108},"6":{"loc":{"start":{"line":109,"column":4},"end":{"line":111,"column":5}},"type":"if","locations":[{"start":{"line":109,"column":4},"end":{"line":111,"column":5}},{"start":{},"end":{}}],"line":109},"7":{"loc":{"start":{"line":110,"column":13},"end":{"line":110,"column":28}},"type":"cond-expr","locations":[{"start":{"line":110,"column":21},"end":{"line":110,"column":23}},{"start":{"line":110,"column":26},"end":{"line":110,"column":28}}],"line":110},"8":{"loc":{"start":{"line":112,"column":11},"end":{"line":112,"column":28}},"type":"cond-expr","locations":[{"start":{"line":112,"column":21},"end":{"line":112,"column":23}},{"start":{"line":112,"column":26},"end":{"line":112,"column":28}}],"line":112},"9":{"loc":{"start":{"line":115,"column":2},"end":{"line":117,"column":3}},"type":"if","locations":[{"start":{"line":115,"column":2},"end":{"line":117,"column":3}},{"start":{},"end":{}}],"line":115},"10":{"loc":{"start":{"line":116,"column":11},"end":{"line":116,"column":33}},"type":"cond-expr","locations":[{"start":{"line":116,"column":25},"end":{"line":116,"column":27}},{"start":{"line":116,"column":30},"end":{"line":116,"column":33}}],"line":116},"11":{"loc":{"start":{"line":124,"column":2},"end":{"line":141,"column":3}},"type":"if","locations":[{"start":{"line":124,"column":2},"end":{"line":141,"column":3}},{"start":{},"end":{}}],"line":124},"12":{"loc":{"start":{"line":125,"column":4},"end":{"line":140,"column":5}},"type":"if","locations":[{"start":{"line":125,"column":4},"end":{"line":140,"column":5}},{"start":{},"end":{}}],"line":125},"13":{"loc":{"start":{"line":126,"column":6},"end":{"line":139,"column":7}},"type":"if","locations":[{"start":{"line":126,"column":6},"end":{"line":139,"column":7}},{"start":{},"end":{}}],"line":126},"14":{"loc":{"start":{"line":128,"column":10},"end":{"line":137,"column":11}},"type":"if","locations":[{"start":{"line":128,"column":10},"end":{"line":137,"column":11}},{"start":{},"end":{}}],"line":128},"15":{"loc":{"start":{"line":129,"column":12},"end":{"line":136,"column":13}},"type":"if","locations":[{"start":{"line":129,"column":12},"end":{"line":136,"column":13}},{"start":{},"end":{}}],"line":129},"16":{"loc":{"start":{"line":130,"column":14},"end":{"line":135,"column":15}},"type":"if","locations":[{"start":{"line":130,"column":14},"end":{"line":135,"column":15}},{"start":{},"end":{}}],"line":130},"17":{"loc":{"start":{"line":131,"column":16},"end":{"line":133,"column":17}},"type":"if","locations":[{"start":{"line":131,"column":16},"end":{"line":133,"column":17}},{"start":{},"end":{}}],"line":131},"18":{"loc":{"start":{"line":159,"column":2},"end":{"line":161,"column":3}},"type":"if","locations":[{"start":{"line":159,"column":2},"end":{"line":161,"column":3}},{"start":{},"end":{}}],"line":159}},"s":{"0":1,"1":1,"2":1,"3":0,"4":1,"5":1,"6":1,"7":1,"8":1,"9":1,"10":1,"11":1,"12":1,"13":1,"14":1,"15":1,"16":1,"17":1,"18":1,"19":0,"20":0,"21":0,"22":0,"23":0,"24":0,"25":0,"26":0,"27":0,"28":0,"29":0,"30":0,"31":0,"32":0,"33":0,"34":0,"35":0,"36":0,"37":0,"38":0,"39":0,"40":0,"41":0,"42":0,"43":0,"44":4,"45":1,"46":1,"47":0,"48":3,"49":1,"50":0,"51":1,"52":2,"53":1,"54":1,"55":3,"56":2,"57":2,"58":2,"59":2,"60":2,"61":2,"62":2,"63":1,"64":1,"65":1,"66":0,"67":1,"68":1,"69":2,"70":1,"71":1,"72":0,"73":0},"f":{"0":1,"1":1,"2":1,"3":1,"4":1,"5":1,"6":1,"7":1,"8":0,"9":0,"10":0,"11":0,"12":0,"13":4,"14":3,"15":0,"16":1,"17":2,"18":0},"b":{"0":[1,0],"1":[1,3],"2":[1,0],"3":[1,0],"4":[0,0],"5":[1,2],"6":[0,1],"7":[0,0],"8":[1,0],"9":[1,1],"10":[1,0],"11":[2,1],"12":[2,0],"13":[2,0],"14":[2,0],"15":[2,0],"16":[2,0],"17":[1,1],"18":[1,1]},"_coverageSchema":"1a1c01bbd47fc00a2c39e90264f33305004495a9","hash":"d2b57f20ba1e26f1817586bf8459a287b75f1e8a"}
}
