{"/home/vanessa/Documentos/arquitetura vanessa/sonar-js-vanessa-teste/sonar-js-vanessa-estudo/src/app.js": {"path":"/home/vanessa/Documentos/arquitetura vanessa/sonar-js-vanessa-teste/sonar-js-vanessa-estudo/src/app.js","statementMap":{"0":{"start":{"line":2,"column":2},"end":{"line":2,"column":41}},"1":{"start":{"line":6,"column":2},"end":{"line":6,"column":26}},"2":{"start":{"line":10,"column":17},"end":{"line":10,"column":50}},"3":{"start":{"line":11,"column":2},"end":{"line":11,"column":36}},"4":{"start":{"line":15,"column":23},"end":{"line":15,"column":44}},"5":{"start":{"line":16,"column":2},"end":{"line":16,"column":21}},"6":{"start":{"line":21,"column":2},"end":{"line":21,"column":20}},"7":{"start":{"line":25,"column":2},"end":{"line":27,"column":3}},"8":{"start":{"line":26,"column":4},"end":{"line":26,"column":19}},"9":{"start":{"line":29,"column":2},"end":{"line":29,"column":15}},"10":{"start":{"line":33,"column":2},"end":{"line":33,"column":15}},"11":{"start":{"line":37,"column":2},"end":{"line":37,"column":15}},"12":{"start":{"line":41,"column":15},"end":{"line":41,"column":49}},"13":{"start":{"line":42,"column":16},"end":{"line":42,"column":51}},"14":{"start":{"line":43,"column":16},"end":{"line":43,"column":37}},"15":{"start":{"line":44,"column":15},"end":{"line":44,"column":49}},"16":{"start":{"line":46,"column":2},"end":{"line":46,"column":51}},"17":{"start":{"line":50,"column":2},"end":{"line":70,"column":3}},"18":{"start":{"line":51,"column":4},"end":{"line":65,"column":5}},"19":{"start":{"line":52,"column":6},"end":{"line":56,"column":7}},"20":{"start":{"line":53,"column":8},"end":{"line":53,"column":35}},"21":{"start":{"line":55,"column":8},"end":{"line":55,"column":35}},"22":{"start":{"line":57,"column":11},"end":{"line":65,"column":5}},"23":{"start":{"line":58,"column":6},"end":{"line":62,"column":7}},"24":{"start":{"line":59,"column":8},"end":{"line":59,"column":35}},"25":{"start":{"line":61,"column":8},"end":{"line":61,"column":35}},"26":{"start":{"line":64,"column":6},"end":{"line":64,"column":35}},"27":{"start":{"line":66,"column":9},"end":{"line":70,"column":3}},"28":{"start":{"line":67,"column":4},"end":{"line":67,"column":33}},"29":{"start":{"line":69,"column":4},"end":{"line":69,"column":15}},"30":{"start":{"line":74,"column":2},"end":{"line":92,"column":3}},"31":{"start":{"line":75,"column":4},"end":{"line":91,"column":5}},"32":{"start":{"line":76,"column":6},"end":{"line":90,"column":7}},"33":{"start":{"line":77,"column":8},"end":{"line":89,"column":9}},"34":{"start":{"line":78,"column":10},"end":{"line":88,"column":11}},"35":{"start":{"line":79,"column":12},"end":{"line":87,"column":13}},"36":{"start":{"line":80,"column":14},"end":{"line":86,"column":15}},"37":{"start":{"line":81,"column":16},"end":{"line":85,"column":17}},"38":{"start":{"line":82,"column":18},"end":{"line":82,"column":68}},"39":{"start":{"line":84,"column":18},"end":{"line":84,"column":52}},"40":{"start":{"line":94,"column":2},"end":{"line":94,"column":11}},"41":{"start":{"line":97,"column":0},"end":{"line":100,"column":3}},"42":{"start":{"line":98,"column":15},"end":{"line":98,"column":52}},"43":{"start":{"line":99,"column":2},"end":{"line":99,"column":23}}},"fnMap":{"0":{"name":"getUserCity","decl":{"start":{"line":1,"column":16},"end":{"line":1,"column":27}},"loc":{"start":{"line":1,"column":34},"end":{"line":3,"column":1}},"line":1},"1":{"name":"dangerousCalculate","decl":{"start":{"line":5,"column":16},"end":{"line":5,"column":34}},"loc":{"start":{"line":5,"column":47},"end":{"line":7,"column":1}},"line":5},"2":{"name":"renderUserName","decl":{"start":{"line":9,"column":16},"end":{"line":9,"column":30}},"loc":{"start":{"line":9,"column":37},"end":{"line":12,"column":1}},"line":9},"3":{"name":"calculateDiscount","decl":{"start":{"line":14,"column":16},"end":{"line":14,"column":33}},"loc":{"start":{"line":14,"column":41},"end":{"line":17,"column":1}},"line":14},"4":{"name":"legacyDiscount","decl":{"start":{"line":20,"column":16},"end":{"line":20,"column":30}},"loc":{"start":{"line":20,"column":38},"end":{"line":22,"column":1}},"line":20},"5":{"name":"newCodeExample","decl":{"start":{"line":24,"column":16},"end":{"line":24,"column":30}},"loc":{"start":{"line":24,"column":38},"end":{"line":30,"column":1}},"line":24},"6":{"name":"sum","decl":{"start":{"line":32,"column":16},"end":{"line":32,"column":19}},"loc":{"start":{"line":32,"column":26},"end":{"line":34,"column":1}},"line":32},"7":{"name":"multiply","decl":{"start":{"line":36,"column":16},"end":{"line":36,"column":24}},"loc":{"start":{"line":36,"column":31},"end":{"line":38,"column":1}},"line":36},"8":{"name":"formatCustomerA","decl":{"start":{"line":40,"column":16},"end":{"line":40,"column":31}},"loc":{"start":{"line":40,"column":42},"end":{"line":47,"column":1}},"line":40},"9":{"name":"calculateShipping","decl":{"start":{"line":49,"column":16},"end":{"line":49,"column":33}},"loc":{"start":{"line":49,"column":69},"end":{"line":71,"column":1}},"line":49},"10":{"name":"processOrder","decl":{"start":{"line":73,"column":16},"end":{"line":73,"column":28}},"loc":{"start":{"line":73,"column":36},"end":{"line":95,"column":1}},"line":73},"11":{"name":"(anonymous_11)","decl":{"start":{"line":97,"column":58},"end":{"line":97,"column":59}},"loc":{"start":{"line":97,"column":64},"end":{"line":100,"column":1}},"line":97}},"branchMap":{"0":{"loc":{"start":{"line":25,"column":2},"end":{"line":27,"column":3}},"type":"if","locations":[{"start":{"line":25,"column":2},"end":{"line":27,"column":3}},{"start":{},"end":{}}],"line":25},"1":{"loc":{"start":{"line":50,"column":2},"end":{"line":70,"column":3}},"type":"if","locations":[{"start":{"line":50,"column":2},"end":{"line":70,"column":3}},{"start":{"line":66,"column":9},"end":{"line":70,"column":3}}],"line":50},"2":{"loc":{"start":{"line":51,"column":4},"end":{"line":65,"column":5}},"type":"if","locations":[{"start":{"line":51,"column":4},"end":{"line":65,"column":5}},{"start":{"line":57,"column":11},"end":{"line":65,"column":5}}],"line":51},"3":{"loc":{"start":{"line":52,"column":6},"end":{"line":56,"column":7}},"type":"if","locations":[{"start":{"line":52,"column":6},"end":{"line":56,"column":7}},{"start":{"line":54,"column":13},"end":{"line":56,"column":7}}],"line":52},"4":{"loc":{"start":{"line":53,"column":15},"end":{"line":53,"column":34}},"type":"cond-expr","locations":[{"start":{"line":53,"column":27},"end":{"line":53,"column":29}},{"start":{"line":53,"column":32},"end":{"line":53,"column":34}}],"line":53},"5":{"loc":{"start":{"line":55,"column":15},"end":{"line":55,"column":34}},"type":"cond-expr","locations":[{"start":{"line":55,"column":27},"end":{"line":55,"column":29}},{"start":{"line":55,"column":32},"end":{"line":55,"column":34}}],"line":55},"6":{"loc":{"start":{"line":57,"column":11},"end":{"line":65,"column":5}},"type":"if","locations":[{"start":{"line":57,"column":11},"end":{"line":65,"column":5}},{"start":{"line":63,"column":11},"end":{"line":65,"column":5}}],"line":57},"7":{"loc":{"start":{"line":58,"column":6},"end":{"line":62,"column":7}},"type":"if","locations":[{"start":{"line":58,"column":6},"end":{"line":62,"column":7}},{"start":{"line":60,"column":13},"end":{"line":62,"column":7}}],"line":58},"8":{"loc":{"start":{"line":59,"column":15},"end":{"line":59,"column":34}},"type":"cond-expr","locations":[{"start":{"line":59,"column":27},"end":{"line":59,"column":29}},{"start":{"line":59,"column":32},"end":{"line":59,"column":34}}],"line":59},"9":{"loc":{"start":{"line":61,"column":15},"end":{"line":61,"column":34}},"type":"cond-expr","locations":[{"start":{"line":61,"column":27},"end":{"line":61,"column":29}},{"start":{"line":61,"column":32},"end":{"line":61,"column":34}}],"line":61},"10":{"loc":{"start":{"line":64,"column":13},"end":{"line":64,"column":34}},"type":"cond-expr","locations":[{"start":{"line":64,"column":27},"end":{"line":64,"column":29}},{"start":{"line":64,"column":32},"end":{"line":64,"column":34}}],"line":64},"11":{"loc":{"start":{"line":66,"column":9},"end":{"line":70,"column":3}},"type":"if","locations":[{"start":{"line":66,"column":9},"end":{"line":70,"column":3}},{"start":{"line":68,"column":9},"end":{"line":70,"column":3}}],"line":66},"12":{"loc":{"start":{"line":67,"column":11},"end":{"line":67,"column":32}},"type":"cond-expr","locations":[{"start":{"line":67,"column":25},"end":{"line":67,"column":27}},{"start":{"line":67,"column":30},"end":{"line":67,"column":32}}],"line":67},"13":{"loc":{"start":{"line":74,"column":2},"end":{"line":92,"column":3}},"type":"if","locations":[{"start":{"line":74,"column":2},"end":{"line":92,"column":3}},{"start":{},"end":{}}],"line":74},"14":{"loc":{"start":{"line":75,"column":4},"end":{"line":91,"column":5}},"type":"if","locations":[{"start":{"line":75,"column":4},"end":{"line":91,"column":5}},{"start":{},"end":{}}],"line":75},"15":{"loc":{"start":{"line":76,"column":6},"end":{"line":90,"column":7}},"type":"if","locations":[{"start":{"line":76,"column":6},"end":{"line":90,"column":7}},{"start":{},"end":{}}],"line":76},"16":{"loc":{"start":{"line":78,"column":10},"end":{"line":88,"column":11}},"type":"if","locations":[{"start":{"line":78,"column":10},"end":{"line":88,"column":11}},{"start":{},"end":{}}],"line":78},"17":{"loc":{"start":{"line":79,"column":12},"end":{"line":87,"column":13}},"type":"if","locations":[{"start":{"line":79,"column":12},"end":{"line":87,"column":13}},{"start":{},"end":{}}],"line":79},"18":{"loc":{"start":{"line":80,"column":14},"end":{"line":86,"column":15}},"type":"if","locations":[{"start":{"line":80,"column":14},"end":{"line":86,"column":15}},{"start":{},"end":{}}],"line":80},"19":{"loc":{"start":{"line":81,"column":16},"end":{"line":85,"column":17}},"type":"if","locations":[{"start":{"line":81,"column":16},"end":{"line":85,"column":17}},{"start":{"line":83,"column":23},"end":{"line":85,"column":17}}],"line":81}},"s":{"0":0,"1":0,"2":0,"3":0,"4":0,"5":0,"6":0,"7":0,"8":0,"9":0,"10":0,"11":0,"12":0,"13":0,"14":0,"15":0,"16":0,"17":0,"18":0,"19":0,"20":0,"21":0,"22":0,"23":0,"24":0,"25":0,"26":0,"27":0,"28":0,"29":0,"30":0,"31":0,"32":0,"33":0,"34":0,"35":0,"36":0,"37":0,"38":0,"39":0,"40":0,"41":0,"42":0,"43":0},"f":{"0":0,"1":0,"2":0,"3":0,"4":0,"5":0,"6":0,"7":0,"8":0,"9":0,"10":0,"11":0},"b":{"0":[0,0],"1":[0,0],"2":[0,0],"3":[0,0],"4":[0,0],"5":[0,0],"6":[0,0],"7":[0,0],"8":[0,0],"9":[0,0],"10":[0,0],"11":[0,0],"12":[0,0],"13":[0,0],"14":[0,0],"15":[0,0],"16":[0,0],"17":[0,0],"18":[0,0],"19":[0,0]}}
,"/home/vanessa/Documentos/arquitetura vanessa/sonar-js-vanessa-teste/sonar-js-vanessa-estudo/src/duplicate.js": {"path":"/home/vanessa/Documentos/arquitetura vanessa/sonar-js-vanessa-teste/sonar-js-vanessa-estudo/src/duplicate.js","statementMap":{"0":{"start":{"line":2,"column":15},"end":{"line":2,"column":49}},"1":{"start":{"line":3,"column":16},"end":{"line":3,"column":51}},"2":{"start":{"line":4,"column":16},"end":{"line":4,"column":37}},"3":{"start":{"line":5,"column":15},"end":{"line":5,"column":49}},"4":{"start":{"line":7,"column":2},"end":{"line":7,"column":51}}},"fnMap":{"0":{"name":"formatCustomerB","decl":{"start":{"line":1,"column":16},"end":{"line":1,"column":31}},"loc":{"start":{"line":1,"column":42},"end":{"line":8,"column":1}},"line":1}},"branchMap":{},"s":{"0":0,"1":0,"2":0,"3":0,"4":0},"f":{"0":0},"b":{}}
}
