TN:
SF:src/app.js
FN:2,vanessaTesteBug
FN:7,vanessaTesteAtribuicao
FN:15,vanessaTesteVulnerabilidade
FN:20,vanessaTesteHotspot
FN:25,vanessaTesteCodeSmell
FN:31,vanessaTesteDividaTecnica
FN:36,vanessaTesteDuplicacaoA
FN:45,vanessaTesteDuplicacaoB
FN:54,vanessaTesteDuplicacaoc
FN:63,vanessaTesteDuplicacaoD
FN:72,vanessaTesteDuplicacaoE
FN:81,vanessaTesteDuplicacaoF
FN:90,vanessaTesteDuplicacaoG
FN:100,vanessaTesteComplexidadeCiclomatica
FN:123,vanessaTesteComplexidadeCognitiva
FN:147,vanessaTesteSemCobertura
FN:152,vanessaTesteSeveridade
FN:158,vanessaTesteNovoCodigo
FN:167,vanessaHotspotRegexEmail
FNF:19
FNH:12
FNDA:1,vanessaTesteBug
FNDA:1,vanessaTesteAtribuicao
FNDA:1,vanessaTesteVulnerabilidade
FNDA:1,vanessaTesteHotspot
FNDA:1,vanessaTesteCodeSmell
FNDA:1,vanessaTesteDividaTecnica
FNDA:1,vanessaTesteDuplicacaoA
FNDA:1,vanessaTesteDuplicacaoB
FNDA:0,vanessaTesteDuplicacaoc
FNDA:0,vanessaTesteDuplicacaoD
FNDA:0,vanessaTesteDuplicacaoE
FNDA:0,vanessaTesteDuplicacaoF
FNDA:0,vanessaTesteDuplicacaoG
FNDA:4,vanessaTesteComplexidadeCiclomatica
FNDA:3,vanessaTesteComplexidadeCognitiva
FNDA:0,vanessaTesteSemCobertura
FNDA:1,vanessaTesteSeveridade
FNDA:2,vanessaTesteNovoCodigo
FNDA:0,vanessaHotspotRegexEmail
DA:3,1
DA:8,1
DA:9,1
DA:11,0
DA:16,1
DA:21,1
DA:26,1
DA:27,1
DA:32,1
DA:37,1
DA:38,1
DA:39,1
DA:40,1
DA:42,1
DA:46,1
DA:47,1
DA:48,1
DA:49,1
DA:51,1
DA:55,0
DA:56,0
DA:57,0
DA:58,0
DA:60,0
DA:64,0
DA:65,0
DA:66,0
DA:67,0
DA:69,0
DA:73,0
DA:74,0
DA:75,0
DA:76,0
DA:78,0
DA:82,0
DA:83,0
DA:84,0
DA:85,0
DA:87,0
DA:91,0
DA:92,0
DA:93,0
DA:94,0
DA:96,0
DA:101,4
DA:102,1
DA:103,1
DA:105,0
DA:108,3
DA:109,1
DA:110,0
DA:112,1
DA:115,2
DA:116,1
DA:119,1
DA:124,3
DA:125,2
DA:126,2
DA:127,2
DA:128,2
DA:129,2
DA:130,2
DA:131,2
DA:132,1
DA:134,1
DA:143,1
DA:148,0
DA:153,1
DA:154,1
DA:159,2
DA:160,1
DA:162,1
DA:169,0
DA:171,0
LF:74
LH:43
BRDA:8,0,0,1
BRDA:8,0,1,0
BRDA:101,1,0,1
BRDA:101,1,1,3
BRDA:102,2,0,1
BRDA:102,2,1,0
BRDA:103,3,0,1
BRDA:103,3,1,0
BRDA:105,4,0,0
BRDA:105,4,1,0
BRDA:108,5,0,1
BRDA:108,5,1,2
BRDA:109,6,0,0
BRDA:109,6,1,1
BRDA:110,7,0,0
BRDA:110,7,1,0
BRDA:112,8,0,1
BRDA:112,8,1,0
BRDA:115,9,0,1
BRDA:115,9,1,1
BRDA:116,10,0,1
BRDA:116,10,1,0
BRDA:124,11,0,2
BRDA:124,11,1,1
BRDA:125,12,0,2
BRDA:125,12,1,0
BRDA:126,13,0,2
BRDA:126,13,1,0
BRDA:128,14,0,2
BRDA:128,14,1,0
BRDA:129,15,0,2
BRDA:129,15,1,0
BRDA:130,16,0,2
BRDA:130,16,1,0
BRDA:131,17,0,1
BRDA:131,17,1,1
BRDA:159,18,0,1
BRDA:159,18,1,1
BRF:38
BRH:23
end_of_record
