TN:
SF:src/app.js
FN:1,getUserCity
FN:5,dangerousCalculate
FN:9,renderUserName
FN:14,calculateDiscount
FN:20,legacyDiscount
FN:24,newCodeExample
FN:32,sum
FN:36,multiply
FN:40,formatCustomerA
FN:49,calculateShipping
FN:73,processOrder
FN:97,(anonymous_11)
FNF:12
FNH:0
FNDA:0,getUserCity
FNDA:0,dangerousCalculate
FNDA:0,renderUserName
FNDA:0,calculateDiscount
FNDA:0,legacyDiscount
FNDA:0,newCodeExample
FNDA:0,sum
FNDA:0,multiply
FNDA:0,formatCustomerA
FNDA:0,calculateShipping
FNDA:0,processOrder
FNDA:0,(anonymous_11)
DA:2,0
DA:6,0
DA:10,0
DA:11,0
DA:15,0
DA:16,0
DA:21,0
DA:25,0
DA:26,0
DA:29,0
DA:33,0
DA:37,0
DA:41,0
DA:42,0
DA:43,0
DA:44,0
DA:46,0
DA:50,0
DA:51,0
DA:52,0
DA:53,0
DA:55,0
DA:57,0
DA:58,0
DA:59,0
DA:61,0
DA:64,0
DA:66,0
DA:67,0
DA:69,0
DA:74,0
DA:75,0
DA:76,0
DA:77,0
DA:78,0
DA:79,0
DA:80,0
DA:81,0
DA:82,0
DA:84,0
DA:94,0
DA:97,0
DA:98,0
DA:99,0
LF:44
LH:0
BRDA:25,0,0,0
BRDA:25,0,1,0
BRDA:50,1,0,0
BRDA:50,1,1,0
BRDA:51,2,0,0
BRDA:51,2,1,0
BRDA:52,3,0,0
BRDA:52,3,1,0
BRDA:53,4,0,0
BRDA:53,4,1,0
BRDA:55,5,0,0
BRDA:55,5,1,0
BRDA:57,6,0,0
BRDA:57,6,1,0
BRDA:58,7,0,0
BRDA:58,7,1,0
BRDA:59,8,0,0
BRDA:59,8,1,0
BRDA:61,9,0,0
BRDA:61,9,1,0
BRDA:64,10,0,0
BRDA:64,10,1,0
BRDA:66,11,0,0
BRDA:66,11,1,0
BRDA:67,12,0,0
BRDA:67,12,1,0
BRDA:74,13,0,0
BRDA:74,13,1,0
BRDA:75,14,0,0
BRDA:75,14,1,0
BRDA:76,15,0,0
BRDA:76,15,1,0
BRDA:78,16,0,0
BRDA:78,16,1,0
BRDA:79,17,0,0
BRDA:79,17,1,0
BRDA:80,18,0,0
BRDA:80,18,1,0
BRDA:81,19,0,0
BRDA:81,19,1,0
BRF:40
BRH:0
end_of_record
TN:
SF:src/duplicate.js
FN:1,formatCustomerB
FNF:1
FNH:0
FNDA:0,formatCustomerB
DA:2,0
DA:3,0
DA:4,0
DA:5,0
DA:7,0
LF:5
LH:0
BRF:0
BRH:0
end_of_record
